2024-09-07 11:28:04 [main] INFO  org.eclipse.jetty.server.Server - jetty-11.0.23; built: 2024-08-14T01:40:17.906Z; git: 6fcf5ccaebd7ca13a0cb96c96adca699a24080a0; jvm 22.0.2+9-70
2024-09-07 11:28:04 [main] INFO  o.e.j.s.s.DefaultSessionIdManager - Session workerName=node0
2024-09-07 11:28:04 [main] INFO  o.e.j.s.handler.ContextHandler.ROOT - Initializing Spring DispatcherServlet 'org.springframework.web.servlet.DispatcherServlet-34f7cfd9'
2024-09-07 11:28:04 [main] INFO  o.s.web.servlet.DispatcherServlet - Initializing Servlet 'org.springframework.web.servlet.DispatcherServlet-34f7cfd9'
2024-09-07 11:28:04 [main] INFO  o.s.d.r.c.RepositoryConfigurationDelegate - Bootstrapping Spring Data JPA repositories in DEFAULT mode.
2024-09-07 11:28:04 [main] INFO  o.s.d.r.c.RepositoryConfigurationDelegate - Finished Spring Data repository scanning in 39 ms. Found 5 JPA repository interfaces.
2024-09-07 11:28:04 [main] INFO  o.h.jpa.internal.util.LogHelper - HHH000204: Processing PersistenceUnitInfo [name: default]
2024-09-07 11:28:04 [main] INFO  org.hibernate.Version - HHH000412: Hibernate ORM core version 6.6.0.Final
2024-09-07 11:28:04 [main] INFO  o.h.c.i.RegionFactoryInitiator - HHH000026: Second-level cache disabled
2024-09-07 11:28:04 [main] INFO  o.s.o.j.p.SpringPersistenceUnitInfo - No LoadTimeWeaver setup: ignoring JPA class transformer
2024-09-07 11:28:04 [main] INFO  o.hibernate.orm.connections.pooling - HHH10001005: Database info:
	Database JDBC URL [Connecting through datasourcenull]
	Database driver: undefined/unknown
	Database version: 14.13
	Autocommit mode: undefined/unknown
	Isolation level: undefined/unknown
	Minimum pool size: undefined/unknown
	Maximum pool size: undefined/unknown
2024-09-07 11:28:04 [main] ERROR o.s.o.j.LocalContainerEntityManagerFactoryBean - Failed to initialize JPA EntityManagerFactory: A '@JoinColumn' references a column named 'id' but the target entity 'com.example.gymApp.model.Trainee' has no property which maps to this column
2024-09-07 11:28:04 [main] WARN  o.s.w.c.s.AnnotationConfigWebApplicationContext - Exception encountered during context initialization - cancelling refresh attempt: org.springframework.beans.factory.BeanCreationException: Error creating bean with name 'entityManagerFactory' defined in class path resource [com/example/gymApp/config/HibernateConfig.class]: A '@JoinColumn' references a column named 'id' but the target entity 'com.example.gymApp.model.Trainee' has no property which maps to this column
2024-09-07 11:28:04 [main] ERROR o.s.web.servlet.DispatcherServlet - Context initialization failed
org.springframework.beans.factory.BeanCreationException: Error creating bean with name 'entityManagerFactory' defined in class path resource [com/example/gymApp/config/HibernateConfig.class]: A '@JoinColumn' references a column named 'id' but the target entity 'com.example.gymApp.model.Trainee' has no property which maps to this column
	at org.springframework.beans.factory.support.AbstractAutowireCapableBeanFactory.initializeBean(AbstractAutowireCapableBeanFactory.java:1806)
	at org.springframework.beans.factory.support.AbstractAutowireCapableBeanFactory.doCreateBean(AbstractAutowireCapableBeanFactory.java:600)
	at org.springframework.beans.factory.support.AbstractAutowireCapableBeanFactory.createBean(AbstractAutowireCapableBeanFactory.java:522)
	at org.springframework.beans.factory.support.AbstractBeanFactory.lambda$doGetBean$0(AbstractBeanFactory.java:337)
	at org.springframework.beans.factory.support.DefaultSingletonBeanRegistry.getSingleton(DefaultSingletonBeanRegistry.java:234)
	at org.springframework.beans.factory.support.AbstractBeanFactory.doGetBean(AbstractBeanFactory.java:335)
	at org.springframework.beans.factory.support.AbstractBeanFactory.getBean(AbstractBeanFactory.java:205)
	at org.springframework.context.support.AbstractApplicationContext.finishBeanFactoryInitialization(AbstractApplicationContext.java:954)
	at org.springframework.context.support.AbstractApplicationContext.refresh(AbstractApplicationContext.java:625)
	at org.springframework.web.servlet.FrameworkServlet.configureAndRefreshWebApplicationContext(FrameworkServlet.java:706)
	at org.springframework.web.servlet.FrameworkServlet.initWebApplicationContext(FrameworkServlet.java:583)
	at org.springframework.web.servlet.FrameworkServlet.initServletBean(FrameworkServlet.java:537)
	at org.springframework.web.servlet.HttpServletBean.init(HttpServletBean.java:169)
	at jakarta.servlet.GenericServlet.init(GenericServlet.java:178)
	at org.eclipse.jetty.servlet.ServletHolder.initServlet(ServletHolder.java:633)
	at org.eclipse.jetty.servlet.ServletHolder.initialize(ServletHolder.java:415)
	at org.eclipse.jetty.servlet.ServletHandler.lambda$initialize$2(ServletHandler.java:725)
	at java.base/java.util.stream.SortedOps$SizedRefSortingSink.end(SortedOps.java:357)
	at java.base/java.util.stream.AbstractPipeline.copyInto(AbstractPipeline.java:557)
	at java.base/java.util.stream.AbstractPipeline.wrapAndCopyInto(AbstractPipeline.java:546)
	at java.base/java.util.stream.StreamSpliterators$WrappingSpliterator.forEachRemaining(StreamSpliterators.java:310)
	at java.base/java.util.stream.Streams$ConcatSpliterator.forEachRemaining(Streams.java:735)
	at java.base/java.util.stream.ReferencePipeline$Head.forEach(ReferencePipeline.java:782)
	at org.eclipse.jetty.servlet.ServletHandler.initialize(ServletHandler.java:749)
	at org.eclipse.jetty.servlet.ServletContextHandler.startContext(ServletContextHandler.java:392)
	at org.eclipse.jetty.server.handler.ContextHandler.doStart(ContextHandler.java:902)
	at org.eclipse.jetty.servlet.ServletContextHandler.doStart(ServletContextHandler.java:306)
	at org.eclipse.jetty.util.component.AbstractLifeCycle.start(AbstractLifeCycle.java:93)
	at org.eclipse.jetty.util.component.ContainerLifeCycle.start(ContainerLifeCycle.java:171)
	at org.eclipse.jetty.server.Server.start(Server.java:470)
	at org.eclipse.jetty.util.component.ContainerLifeCycle.doStart(ContainerLifeCycle.java:114)
	at org.eclipse.jetty.server.handler.AbstractHandler.doStart(AbstractHandler.java:89)
	at org.eclipse.jetty.server.Server.doStart(Server.java:415)
	at org.eclipse.jetty.util.component.AbstractLifeCycle.start(AbstractLifeCycle.java:93)
	at com.example.gymApp.GymApplication.main(GymApplication.java:35)
Caused by: org.hibernate.MappingException: A '@JoinColumn' references a column named 'id' but the target entity 'com.example.gymApp.model.Trainee' has no property which maps to this column
	at org.hibernate.boot.model.internal.AnnotatedJoinColumns.getReferencedColumnsType(AnnotatedJoinColumns.java:320)
	at org.hibernate.boot.model.internal.BinderHelper.createSyntheticPropertyReference(BinderHelper.java:152)
	at org.hibernate.boot.model.internal.ToOneFkSecondPass.doSecondPass(ToOneFkSecondPass.java:114)
	at org.hibernate.boot.internal.InFlightMetadataCollectorImpl.processEndOfQueue(InFlightMetadataCollectorImpl.java:1937)
	at org.hibernate.boot.internal.InFlightMetadataCollectorImpl.processFkSecondPassesInOrder(InFlightMetadataCollectorImpl.java:1886)
	at org.hibernate.boot.internal.InFlightMetadataCollectorImpl.processSecondPasses(InFlightMetadataCollectorImpl.java:1794)
	at org.hibernate.boot.model.process.spi.MetadataBuildingProcess.complete(MetadataBuildingProcess.java:334)
	at org.hibernate.jpa.boot.internal.EntityManagerFactoryBuilderImpl.metadata(EntityManagerFactoryBuilderImpl.java:1431)
	at org.hibernate.jpa.boot.internal.EntityManagerFactoryBuilderImpl.build(EntityManagerFactoryBuilderImpl.java:1502)
	at org.springframework.orm.jpa.vendor.SpringHibernateJpaPersistenceProvider.createContainerEntityManagerFactory(SpringHibernateJpaPersistenceProvider.java:75)
	at org.springframework.orm.jpa.LocalContainerEntityManagerFactoryBean.createNativeEntityManagerFactory(LocalContainerEntityManagerFactoryBean.java:390)
	at org.springframework.orm.jpa.AbstractEntityManagerFactoryBean.buildNativeEntityManagerFactory(AbstractEntityManagerFactoryBean.java:409)
	at org.springframework.orm.jpa.AbstractEntityManagerFactoryBean.afterPropertiesSet(AbstractEntityManagerFactoryBean.java:396)
	at org.springframework.orm.jpa.LocalContainerEntityManagerFactoryBean.afterPropertiesSet(LocalContainerEntityManagerFactoryBean.java:366)
	at org.springframework.beans.factory.support.AbstractAutowireCapableBeanFactory.invokeInitMethods(AbstractAutowireCapableBeanFactory.java:1853)
	at org.springframework.beans.factory.support.AbstractAutowireCapableBeanFactory.initializeBean(AbstractAutowireCapableBeanFactory.java:1802)
	... 34 common frames omitted
2024-09-07 11:28:04 [main] WARN  o.e.j.s.handler.ContextHandler.ROOT - unavailable
org.springframework.beans.factory.BeanCreationException: Error creating bean with name 'entityManagerFactory' defined in class path resource [com/example/gymApp/config/HibernateConfig.class]: A '@JoinColumn' references a column named 'id' but the target entity 'com.example.gymApp.model.Trainee' has no property which maps to this column
	at org.springframework.beans.factory.support.AbstractAutowireCapableBeanFactory.initializeBean(AbstractAutowireCapableBeanFactory.java:1806)
	at org.springframework.beans.factory.support.AbstractAutowireCapableBeanFactory.doCreateBean(AbstractAutowireCapableBeanFactory.java:600)
	at org.springframework.beans.factory.support.AbstractAutowireCapableBeanFactory.createBean(AbstractAutowireCapableBeanFactory.java:522)
	at org.springframework.beans.factory.support.AbstractBeanFactory.lambda$doGetBean$0(AbstractBeanFactory.java:337)
	at org.springframework.beans.factory.support.DefaultSingletonBeanRegistry.getSingleton(DefaultSingletonBeanRegistry.java:234)
	at org.springframework.beans.factory.support.AbstractBeanFactory.doGetBean(AbstractBeanFactory.java:335)
	at org.springframework.beans.factory.support.AbstractBeanFactory.getBean(AbstractBeanFactory.java:205)
	at org.springframework.context.support.AbstractApplicationContext.finishBeanFactoryInitialization(AbstractApplicationContext.java:954)
	at org.springframework.context.support.AbstractApplicationContext.refresh(AbstractApplicationContext.java:625)
	at org.springframework.web.servlet.FrameworkServlet.configureAndRefreshWebApplicationContext(FrameworkServlet.java:706)
	at org.springframework.web.servlet.FrameworkServlet.initWebApplicationContext(FrameworkServlet.java:583)
	at org.springframework.web.servlet.FrameworkServlet.initServletBean(FrameworkServlet.java:537)
	at org.springframework.web.servlet.HttpServletBean.init(HttpServletBean.java:169)
	at jakarta.servlet.GenericServlet.init(GenericServlet.java:178)
	at org.eclipse.jetty.servlet.ServletHolder.initServlet(ServletHolder.java:633)
	at org.eclipse.jetty.servlet.ServletHolder.initialize(ServletHolder.java:415)
	at org.eclipse.jetty.servlet.ServletHandler.lambda$initialize$2(ServletHandler.java:725)
	at java.base/java.util.stream.SortedOps$SizedRefSortingSink.end(SortedOps.java:357)
	at java.base/java.util.stream.AbstractPipeline.copyInto(AbstractPipeline.java:557)
	at java.base/java.util.stream.AbstractPipeline.wrapAndCopyInto(AbstractPipeline.java:546)
	at java.base/java.util.stream.StreamSpliterators$WrappingSpliterator.forEachRemaining(StreamSpliterators.java:310)
	at java.base/java.util.stream.Streams$ConcatSpliterator.forEachRemaining(Streams.java:735)
	at java.base/java.util.stream.ReferencePipeline$Head.forEach(ReferencePipeline.java:782)
	at org.eclipse.jetty.servlet.ServletHandler.initialize(ServletHandler.java:749)
	at org.eclipse.jetty.servlet.ServletContextHandler.startContext(ServletContextHandler.java:392)
	at org.eclipse.jetty.server.handler.ContextHandler.doStart(ContextHandler.java:902)
	at org.eclipse.jetty.servlet.ServletContextHandler.doStart(ServletContextHandler.java:306)
	at org.eclipse.jetty.util.component.AbstractLifeCycle.start(AbstractLifeCycle.java:93)
	at org.eclipse.jetty.util.component.ContainerLifeCycle.start(ContainerLifeCycle.java:171)
	at org.eclipse.jetty.server.Server.start(Server.java:470)
	at org.eclipse.jetty.util.component.ContainerLifeCycle.doStart(ContainerLifeCycle.java:114)
	at org.eclipse.jetty.server.handler.AbstractHandler.doStart(AbstractHandler.java:89)
	at org.eclipse.jetty.server.Server.doStart(Server.java:415)
	at org.eclipse.jetty.util.component.AbstractLifeCycle.start(AbstractLifeCycle.java:93)
	at com.example.gymApp.GymApplication.main(GymApplication.java:35)
Caused by: org.hibernate.MappingException: A '@JoinColumn' references a column named 'id' but the target entity 'com.example.gymApp.model.Trainee' has no property which maps to this column
	at org.hibernate.boot.model.internal.AnnotatedJoinColumns.getReferencedColumnsType(AnnotatedJoinColumns.java:320)
	at org.hibernate.boot.model.internal.BinderHelper.createSyntheticPropertyReference(BinderHelper.java:152)
	at org.hibernate.boot.model.internal.ToOneFkSecondPass.doSecondPass(ToOneFkSecondPass.java:114)
	at org.hibernate.boot.internal.InFlightMetadataCollectorImpl.processEndOfQueue(InFlightMetadataCollectorImpl.java:1937)
	at org.hibernate.boot.internal.InFlightMetadataCollectorImpl.processFkSecondPassesInOrder(InFlightMetadataCollectorImpl.java:1886)
	at org.hibernate.boot.internal.InFlightMetadataCollectorImpl.processSecondPasses(InFlightMetadataCollectorImpl.java:1794)
	at org.hibernate.boot.model.process.spi.MetadataBuildingProcess.complete(MetadataBuildingProcess.java:334)
	at org.hibernate.jpa.boot.internal.EntityManagerFactoryBuilderImpl.metadata(EntityManagerFactoryBuilderImpl.java:1431)
	at org.hibernate.jpa.boot.internal.EntityManagerFactoryBuilderImpl.build(EntityManagerFactoryBuilderImpl.java:1502)
	at org.springframework.orm.jpa.vendor.SpringHibernateJpaPersistenceProvider.createContainerEntityManagerFactory(SpringHibernateJpaPersistenceProvider.java:75)
	at org.springframework.orm.jpa.LocalContainerEntityManagerFactoryBean.createNativeEntityManagerFactory(LocalContainerEntityManagerFactoryBean.java:390)
	at org.springframework.orm.jpa.AbstractEntityManagerFactoryBean.buildNativeEntityManagerFactory(AbstractEntityManagerFactoryBean.java:409)
	at org.springframework.orm.jpa.AbstractEntityManagerFactoryBean.afterPropertiesSet(AbstractEntityManagerFactoryBean.java:396)
	at org.springframework.orm.jpa.LocalContainerEntityManagerFactoryBean.afterPropertiesSet(LocalContainerEntityManagerFactoryBean.java:366)
	at org.springframework.beans.factory.support.AbstractAutowireCapableBeanFactory.invokeInitMethods(AbstractAutowireCapableBeanFactory.java:1853)
	at org.springframework.beans.factory.support.AbstractAutowireCapableBeanFactory.initializeBean(AbstractAutowireCapableBeanFactory.java:1802)
	... 34 common frames omitted
2024-09-07 11:28:04 [main] ERROR com.example.gymApp.GymApplication - Server start error!
2024-09-07 11:28:04 [main] ERROR com.example.gymApp.GymApplication - Server is stopped
2024-09-07 11:28:04 [main] INFO  org.eclipse.jetty.server.Server - Stopped Server@696da30b{STOPPING}[11.0.23,sto=0]
2024-09-07 11:28:04 [main] INFO  o.e.j.server.handler.ContextHandler - Stopped o.e.j.s.ServletContextHandler@1903b5d{/,null,STOPPED}
